<?xml version="1.0" encoding="UTF-8"?>
<!-- Generated by org.testng.reporters.JUnitReportReporter -->
<testsuite hostname="DESKTOP-946UO6R" failures="0" tests="1" name="com.zert.java.webautomation.testcases.LoginTest" time="0.879" errors="0" timestamp="2022-03-21T07:19:51 AEST" skipped="0">
  <testcase classname="com.zert.java.webautomation.testcases.LoginTest" name="loginTest" time="0.879"/>
  <system-out/>
</testsuite> <!-- com.zert.java.webautomation.testcases.LoginTest -->
